<?xml version="1.0" encoding="UTF-8"?>
<coverage generated="1744930678975" clover="3.2.0">
  <project timestamp="1744930678975" name="All files">
    <metrics statements="13" coveredstatements="12" conditionals="3" coveredconditionals="3" methods="3" coveredmethods="3" elements="19" coveredelements="18" complexity="0" loc="13" ncloc="13" packages="1" files="2" classes="2"/>
    <file name="ContaBancaria.ts" path="/Users/angeloluz/POO2025N/ContaBancaria.ts">
      <metrics statements="12" coveredstatements="11" conditionals="3" coveredconditionals="3" methods="3" coveredmethods="3"/>
      <line num="1" count="1" type="stmt"/>
      <line num="3" count="1" type="stmt"/>
      <line num="5" count="5" type="stmt"/>
      <line num="6" count="5" type="stmt"/>
      <line num="11" count="1" type="cond" truecount="1" falsecount="0"/>
      <line num="12" count="1" type="stmt"/>
      <line num="14" count="0" type="stmt"/>
      <line num="23" count="4" type="cond" truecount="1" falsecount="0"/>
      <line num="24" count="1" type="stmt"/>
      <line num="27" count="3" type="stmt"/>
      <line num="28" count="3" type="cond" truecount="1" falsecount="0"/>
      <line num="29" count="2" type="stmt"/>
    </file>
    <file name="constantes.ts" path="/Users/angeloluz/POO2025N/constantes.ts">
      <metrics statements="1" coveredstatements="1" conditionals="0" coveredconditionals="0" methods="0" coveredmethods="0"/>
      <line num="1" count="1" type="stmt"/>
    </file>
  </project>
</coverage>
