{"/Users/angeloluz/POO2025N/ContaBancaria.ts": {"path":"/Users/angeloluz/POO2025N/ContaBancaria.ts","statementMap":{"0":{"start":{"line":1,"column":0},"end":{"line":1,"column":46}},"1":{"start":{"line":11,"column":8},"end":{"line":13,"column":9}},"2":{"start":{"line":12,"column":12},"end":{"line":12,"column":44}},"3":{"start":{"line":14,"column":8},"end":{"line":14,"column":27}},"4":{"start":{"line":5,"column":4},"end":{"line":5,"column":22}},"5":{"start":{"line":6,"column":4},"end":{"line":6,"column":24}},"6":{"start":{"line":23,"column":8},"end":{"line":25,"column":9}},"7":{"start":{"line":24,"column":12},"end":{"line":24,"column":44}},"8":{"start":{"line":27,"column":28},"end":{"line":27,"column":47}},"9":{"start":{"line":28,"column":8},"end":{"line":30,"column":9}},"10":{"start":{"line":29,"column":12},"end":{"line":29,"column":32}},"11":{"start":{"line":3,"column":0},"end":{"line":3,"column":13}}},"fnMap":{"0":{"name":"(anonymous_0)","decl":{"start":{"line":9,"column":4},"end":{"line":9,"column":13}},"loc":{"start":{"line":9,"column":26},"end":{"line":15,"column":5}}},"1":{"name":"(anonymous_1)","decl":{"start":{"line":18,"column":4},"end":{"line":18,"column":null}},"loc":{"start":{"line":18,"column":4},"end":{"line":20,"column":5}}},"2":{"name":"(anonymous_2)","decl":{"start":{"line":22,"column":4},"end":{"line":22,"column":9}},"loc":{"start":{"line":22,"column":23},"end":{"line":32,"column":5}}}},"branchMap":{"0":{"loc":{"start":{"line":11,"column":8},"end":{"line":13,"column":9}},"type":"if","locations":[{"start":{"line":11,"column":8},"end":{"line":13,"column":9}}]},"1":{"loc":{"start":{"line":23,"column":8},"end":{"line":25,"column":9}},"type":"if","locations":[{"start":{"line":23,"column":8},"end":{"line":25,"column":9}}]},"2":{"loc":{"start":{"line":28,"column":8},"end":{"line":30,"column":9}},"type":"if","locations":[{"start":{"line":28,"column":8},"end":{"line":30,"column":9}}]}},"s":{"0":1,"1":1,"2":1,"3":0,"4":5,"5":5,"6":4,"7":1,"8":3,"9":3,"10":2,"11":1},"f":{"0":1,"1":5,"2":4},"b":{"0":[1],"1":[1],"2":[2]}}
,"/Users/angeloluz/POO2025N/constantes.ts": {"path":"/Users/angeloluz/POO2025N/constantes.ts","statementMap":{"0":{"start":{"line":1,"column":13},"end":{"line":1,"column":58}}},"fnMap":{},"branchMap":{},"s":{"0":1},"f":{},"b":{}}
}
